<?xml version="1.0" encoding="UTF-8"?>
<testsuite xmlns:xsi="http://www.w3.org/2001/XMLSchema-instance" xsi:noNamespaceSchemaLocation="https://maven.apache.org/surefire/maven-surefire-plugin/xsd/surefire-test-report.xsd" name="Domain.DiseaseTest" time="0.005" tests="6" errors="5" skipped="0" failures="1">
  <properties>
    <property name="java.specification.version" value="17"/>
    <property name="sun.cpu.isalist" value="amd64"/>
    <property name="sun.jnu.encoding" value="Cp1252"/>
    <property name="java.class.path" value="D:\OneDrive - Universidad de Castilla-La Mancha\Universidad\ISO II\Lab\ISo2\Pr05\target\test-classes;D:\OneDrive - Universidad de Castilla-La Mancha\Universidad\ISO II\Lab\ISo2\Pr05\target\classes;C:\Users\danim\.m2\repository\junit\junit\4.13.2\junit-4.13.2.jar;C:\Users\danim\.m2\repository\org\hamcrest\hamcrest-core\1.3\hamcrest-core-1.3.jar;"/>
    <property name="java.vm.vendor" value="Eclipse Adoptium"/>
    <property name="sun.arch.data.model" value="64"/>
    <property name="user.variant" value=""/>
    <property name="java.vendor.url" value="https://adoptium.net/"/>
    <property name="user.timezone" value="Europe/Madrid"/>
    <property name="os.name" value="Windows 10"/>
    <property name="java.vm.specification.version" value="17"/>
    <property name="sun.java.launcher" value="SUN_STANDARD"/>
    <property name="user.country" value="ES"/>
    <property name="sun.boot.library.path" value="C:\Users\danim\.p2\pool\plugins\org.eclipse.justj.openjdk.hotspot.jre.full.win32.x86_64_17.0.0.v20211012-1059\jre\bin"/>
    <property name="sun.java.command" value="C:\Users\danim\AppData\Local\Temp\surefire3799529128326176806\surefirebooter17097167390263052928.jar C:\Users\danim\AppData\Local\Temp\surefire3799529128326176806 2021-12-15T19-36-35_579-jvmRun1 surefire4861581447482811649tmp surefire_011302702008416653903tmp"/>
    <property name="jdk.debug" value="release"/>
    <property name="surefire.test.class.path" value="D:\OneDrive - Universidad de Castilla-La Mancha\Universidad\ISO II\Lab\ISo2\Pr05\target\test-classes;D:\OneDrive - Universidad de Castilla-La Mancha\Universidad\ISO II\Lab\ISo2\Pr05\target\classes;C:\Users\danim\.m2\repository\junit\junit\4.13.2\junit-4.13.2.jar;C:\Users\danim\.m2\repository\org\hamcrest\hamcrest-core\1.3\hamcrest-core-1.3.jar;"/>
    <property name="sun.cpu.endian" value="little"/>
    <property name="user.home" value="C:\Users\danim"/>
    <property name="user.language" value="es"/>
    <property name="java.specification.vendor" value="Oracle Corporation"/>
    <property name="java.version.date" value="2021-09-14"/>
    <property name="java.home" value="C:\Users\danim\.p2\pool\plugins\org.eclipse.justj.openjdk.hotspot.jre.full.win32.x86_64_17.0.0.v20211012-1059\jre"/>
    <property name="file.separator" value="\"/>
    <property name="basedir" value="D:\OneDrive - Universidad de Castilla-La Mancha\Universidad\ISO II\Lab\ISo2\Pr05"/>
    <property name="java.vm.compressedOopsMode" value="32-bit"/>
    <property name="line.separator" value="&#10;"/>
    <property name="java.vm.specification.vendor" value="Oracle Corporation"/>
    <property name="java.specification.name" value="Java Platform API Specification"/>
    <property name="surefire.real.class.path" value="C:\Users\danim\AppData\Local\Temp\surefire3799529128326176806\surefirebooter17097167390263052928.jar"/>
    <property name="user.script" value=""/>
    <property name="sun.management.compiler" value="HotSpot 64-Bit Tiered Compilers"/>
    <property name="java.runtime.version" value="17+35"/>
    <property name="user.name" value="danim"/>
    <property name="path.separator" value=";"/>
    <property name="os.version" value="10.0"/>
    <property name="java.runtime.name" value="OpenJDK Runtime Environment"/>
    <property name="file.encoding" value="Cp1252"/>
    <property name="java.vm.name" value="OpenJDK 64-Bit Server VM"/>
    <property name="java.vendor.version" value="Temurin-17+35"/>
    <property name="localRepository" value="C:\Users\danim\.m2\repository"/>
    <property name="java.vendor.url.bug" value="https://github.com/adoptium/adoptium-support/issues"/>
    <property name="java.io.tmpdir" value="C:\Users\danim\AppData\Local\Temp\"/>
    <property name="java.version" value="17"/>
    <property name="user.dir" value="D:\OneDrive - Universidad de Castilla-La Mancha\Universidad\ISO II\Lab\ISo2\Pr05"/>
    <property name="os.arch" value="amd64"/>
    <property name="java.vm.specification.name" value="Java Virtual Machine Specification"/>
    <property name="sun.os.patch.level" value=""/>
    <property name="native.encoding" value="Cp1252"/>
    <property name="java.library.path" value="C:\Users\danim\.p2\pool\plugins\org.eclipse.justj.openjdk.hotspot.jre.full.win32.x86_64_17.0.0.v20211012-1059\jre\bin;C:\Windows\Sun\Java\bin;C:\Windows\system32;C:\Windows;C:/Users/danim/.p2/pool/plugins/org.eclipse.justj.openjdk.hotspot.jre.full.win32.x86_64_17.0.0.v20211012-1059/jre/bin/server;C:/Users/danim/.p2/pool/plugins/org.eclipse.justj.openjdk.hotspot.jre.full.win32.x86_64_17.0.0.v20211012-1059/jre/bin;C:\Program Files (x86)\apache-maven-3.8.4\bin;C:\Program Files (x86)\Common Files\Oracle\Java\javapath;C:\Program Files (x86)\Intel\Intel(R) Management Engine Components\iCLS\;C:\Program Files\Intel\Intel(R) Management Engine Components\iCLS\;C:\Windows\system32;C:\Windows;C:\Windows\System32\Wbem;C:\Windows\System32\WindowsPowerShell\v1.0\;C:\Windows\System32\OpenSSH\;C:\Program Files\NVIDIA Corporation\NVIDIA NvDLISR;C:\Program Files (x86)\NVIDIA Corporation\PhysX\Common;C:\Program Files (x86)\Intel\Intel(R) Management Engine Components\DAL;C:\Program Files\Intel\Intel(R) Management Engine Components\DAL;C:\Program Files (x86)\Intel\Intel(R) Management Engine Components\IPT;C:\Program Files\Intel\Intel(R) Management Engine Components\IPT;C:\Program Files\dotnet\;C:\Users\danim\AppData\Local\Microsoft\WindowsApps;C:\Users\danim\AppData\Local\Programs\Microsoft VS Code\bin;D:\Programas Universitarios\Microsoft VS Code\bin;C:\Users\danim\.dotnet\tools;C:\Users\danim\AppData\Local\GitHubDesktop\bin;C:\Windows\System32;;."/>
    <property name="java.vm.info" value="mixed mode"/>
    <property name="java.vendor" value="Eclipse Adoptium"/>
    <property name="java.vm.version" value="17+35"/>
    <property name="sun.io.unicode.encoding" value="UnicodeLittle"/>
    <property name="java.class.version" value="61.0"/>
  </properties>
  <testcase name="testGetMedicines" classname="Domain.DiseaseTest" time="0">
    <error message="Index 1 out of bounds for length 1" type="java.lang.ArrayIndexOutOfBoundsException">java.lang.ArrayIndexOutOfBoundsException: Index 1 out of bounds for length 1
	at Domain.DiseaseTest.testGetMedicines(DiseaseTest.java:58)
</error>
    <system-out><![CDATA[@BeforeClass
@Before -> How many times do i appear?
@After -> How many times do i appear?
]]></system-out>
  </testcase>
  <testcase name="testIsPossibleConfinement" classname="Domain.DiseaseTest" time="0.001">
    <error message="not yet implemented" type="java.lang.RuntimeException">java.lang.RuntimeException: not yet implemented
	at Domain.DiseaseTest.testIsPossibleConfinement(DiseaseTest.java:63)
</error>
    <system-out><![CDATA[@Before -> How many times do i appear?
@After -> How many times do i appear?
]]></system-out>
  </testcase>
  <testcase name="testGetSymptoms" classname="Domain.DiseaseTest" time="0.001">
    <error message="Index 1 out of bounds for length 1" type="java.lang.ArrayIndexOutOfBoundsException">java.lang.ArrayIndexOutOfBoundsException: Index 1 out of bounds for length 1
	at Domain.DiseaseTest.testGetSymptoms(DiseaseTest.java:44)
</error>
    <system-out><![CDATA[@Before -> How many times do i appear?
@After -> How many times do i appear?
]]></system-out>
  </testcase>
  <testcase name="testSetPossibleConfinement" classname="Domain.DiseaseTest" time="0">
    <error message="not yet implemented" type="java.lang.RuntimeException">java.lang.RuntimeException: not yet implemented
	at Domain.DiseaseTest.testSetPossibleConfinement(DiseaseTest.java:68)
</error>
    <system-out><![CDATA[@Before -> How many times do i appear?
@After -> How many times do i appear?
]]></system-out>
  </testcase>
  <testcase name="testGetDiseaseName" classname="Domain.DiseaseTest" time="0">
    <failure message="expected:&lt;Ismale&gt; but was:&lt;null&gt;" type="java.lang.AssertionError"><![CDATA[java.lang.AssertionError: expected:<Ismale> but was:<null>
	at Domain.DiseaseTest.testGetDiseaseName(DiseaseTest.java:37)
]]></failure>
    <system-out><![CDATA[@Before -> How many times do i appear?
@After -> How many times do i appear?
]]></system-out>
  </testcase>
  <testcase name="testGetSeasonality" classname="Domain.DiseaseTest" time="0">
    <error message="Index 1 out of bounds for length 1" type="java.lang.ArrayIndexOutOfBoundsException">java.lang.ArrayIndexOutOfBoundsException: Index 1 out of bounds for length 1
	at Domain.DiseaseTest.testGetSeasonality(DiseaseTest.java:51)
</error>
    <system-out><![CDATA[@Before -> How many times do i appear?
@After -> How many times do i appear?
]]></system-out>
  </testcase>
</testsuite>